2022-10-03 19:11:47,156 [Worker-4: Loading available Gradle versions] INFO  o.e.b.c.i.u.g.PublishedGradleVersions - Gradle version information cache is up-to-date. Trying to read.
2022-10-03 19:20:42,871 [Worker-13: Updating Maven Dependencies] INFO  o.e.m.c.i.l.LifecycleMappingFactory - Using NULL lifecycle mapping for MavenProject: singl:parent:2.0-0.3.3-SNAPSHOT @ C:\Users\HP\git\SiNGL\pom.xml.
2022-10-03 19:20:57,869 [Worker-17: Building] INFO  o.e.m.c.i.l.LifecycleMappingFactory - Using org.eclipse.m2e.jdt.JarLifecycleMapping lifecycle mapping for MavenProject: singl:client:2.0-0.3.3-SNAPSHOT @ C:\Users\HP\git\SiNGL\client\pom.xml.
2022-10-03 19:21:06,920 [Worker-17: Building] INFO  o.e.m.c.i.embedder.EclipseLogger - Using 'UTF-8' encoding to copy filtered resources.
2022-10-03 19:21:06,925 [Worker-17: Building] INFO  o.e.m.c.i.embedder.EclipseLogger - Copying 3 resources
2022-10-03 19:21:06,941 [Worker-17: Building] INFO  o.e.m.c.i.embedder.EclipseLogger - Using 'UTF-8' encoding to copy filtered resources.
2022-10-03 19:21:06,942 [Worker-17: Building] INFO  o.e.m.c.i.embedder.EclipseLogger - Copying 3 resources
2022-10-03 19:21:08,452 [Worker-16: Updating Maven Dependencies] INFO  o.e.m.c.i.l.LifecycleMappingFactory - Using NULL lifecycle mapping for MavenProject: singl:parent:2.0-0.3.3-SNAPSHOT @ C:\Users\HP\git\SiNGL\pom.xml.
2022-10-03 19:21:10,326 [Worker-18: Building] INFO  o.e.m.c.i.embedder.EclipseLogger - Using 'UTF-8' encoding to copy filtered resources.
2022-10-03 19:21:10,330 [Worker-18: Building] INFO  o.e.m.c.i.embedder.EclipseLogger - Copying 3 resources
2022-10-03 19:21:10,340 [Worker-18: Building] INFO  o.e.m.c.i.embedder.EclipseLogger - Using 'UTF-8' encoding to copy filtered resources.
2022-10-03 19:21:10,341 [Worker-18: Building] INFO  o.e.m.c.i.embedder.EclipseLogger - Copying 3 resources
2022-10-03 19:21:10,479 [Worker-16: Updating Maven Dependencies] INFO  o.e.m.c.i.l.LifecycleMappingFactory - Using org.eclipse.m2e.jdt.JarLifecycleMapping lifecycle mapping for MavenProject: singl:client:2.0-0.3.3-SNAPSHOT @ C:\Users\HP\git\SiNGL\client\pom.xml.
2022-10-03 19:21:15,110 [Worker-13: Building] INFO  o.e.m.c.i.embedder.EclipseLogger - Using 'UTF-8' encoding to copy filtered resources.
2022-10-03 19:21:15,110 [Worker-13: Building] INFO  o.e.m.c.i.embedder.EclipseLogger - Copying 0 resource
2022-10-03 19:21:15,112 [Worker-13: Building] INFO  o.e.m.c.i.embedder.EclipseLogger - Using 'UTF-8' encoding to copy filtered resources.
2022-10-03 19:21:15,113 [Worker-13: Building] INFO  o.e.m.c.i.embedder.EclipseLogger - Copying 0 resource
2022-10-03 19:21:15,221 [Worker-13: Building] INFO  o.e.m.c.i.l.LifecycleMappingFactory - Using org.eclipse.m2e.jdt.JarLifecycleMapping lifecycle mapping for MavenProject: singl:core:2.0-0.3.3-SNAPSHOT @ C:\Users\HP\git\SiNGL\core\pom.xml.
2022-10-03 19:21:15,456 [Worker-13: Building] WARN  o.e.m.c.i.embedder.EclipseLogger - The POM for com.wcohen.ss:secondstring:jar:2021 is missing, no dependency information available
2022-10-03 19:21:16,431 [Worker-13: Building] INFO  o.e.m.c.i.p.WorkspaceClassifierResolverManager - Resolving P/client: singl:client:2.0-0.3.3-SNAPSHOT with classifier  to /client/target/classes
2022-10-03 19:21:16,932 [Worker-13: Building] INFO  o.e.m.c.i.embedder.EclipseLogger - Using 'UTF-8' encoding to copy filtered resources.
2022-10-03 19:21:16,933 [Worker-13: Building] INFO  o.e.m.c.i.embedder.EclipseLogger - Copying 6 resources
2022-10-03 19:21:16,964 [Worker-13: Building] INFO  o.e.m.c.i.embedder.EclipseLogger - Using 'UTF-8' encoding to copy filtered resources.
2022-10-03 19:21:16,974 [Worker-13: Building] INFO  o.e.m.c.i.embedder.EclipseLogger - Copying 344 resources
2022-10-03 19:21:19,619 [Worker-13: Building] INFO  o.e.m.c.i.l.LifecycleMappingFactory - Using org.eclipse.m2e.jdt.JarLifecycleMapping lifecycle mapping for MavenProject: singl:singl:2.0-0.3.3-SNAPSHOT @ C:\Users\HP\git\SiNGL\assembly\pom.xml.
2022-10-03 19:21:19,734 [Worker-13: Building] WARN  o.e.m.c.i.embedder.EclipseLogger - The POM for com.wcohen.ss:secondstring:jar:2021 is missing, no dependency information available
2022-10-03 19:21:20,374 [Worker-13: Building] INFO  o.e.m.c.i.p.WorkspaceClassifierResolverManager - Resolving P/core: singl:core:2.0-0.3.3-SNAPSHOT with classifier  to /core/target/classes
2022-10-03 19:21:20,374 [Worker-13: Building] INFO  o.e.m.c.i.p.WorkspaceClassifierResolverManager - Resolving P/client: singl:client:2.0-0.3.3-SNAPSHOT with classifier  to /client/target/classes
2022-10-03 19:21:21,110 [Worker-13: Building] INFO  o.e.m.c.i.embedder.EclipseLogger - Using 'UTF-8' encoding to copy filtered resources.
2022-10-03 19:21:21,111 [Worker-13: Building] INFO  o.e.m.c.i.embedder.EclipseLogger - skip non existing resourceDirectory C:\Users\HP\git\SiNGL\assembly\src\main\resources
2022-10-03 19:21:21,113 [Worker-13: Building] INFO  o.e.m.c.i.embedder.EclipseLogger - Using 'UTF-8' encoding to copy filtered resources.
2022-10-03 19:21:21,113 [Worker-13: Building] INFO  o.e.m.c.i.embedder.EclipseLogger - skip non existing resourceDirectory C:\Users\HP\git\SiNGL\assembly\src\test\resources
2022-10-03 19:22:15,970 [Worker-23: Building] INFO  o.e.m.c.i.embedder.EclipseLogger - Using 'UTF-8' encoding to copy filtered resources.
2022-10-03 19:22:15,970 [Worker-23: Building] INFO  o.e.m.c.i.embedder.EclipseLogger - Copying 0 resource
2022-10-03 19:22:15,973 [Worker-23: Building] INFO  o.e.m.c.i.embedder.EclipseLogger - Using 'UTF-8' encoding to copy filtered resources.
2022-10-03 19:22:15,973 [Worker-23: Building] INFO  o.e.m.c.i.embedder.EclipseLogger - Copying 0 resource
2022-10-03 19:22:17,137 [Worker-23: Building] WARN  o.e.m.c.i.embedder.EclipseLogger - The POM for com.wcohen.ss:secondstring:jar:2021 is missing, no dependency information available
2022-10-03 19:22:17,196 [Worker-23: Building] INFO  o.e.m.c.i.p.WorkspaceClassifierResolverManager - Resolving P/client: singl:client:2.0-0.3.3-SNAPSHOT with classifier  to /client/target/classes
2022-10-03 19:22:17,251 [Worker-23: Building] INFO  o.e.m.c.i.embedder.EclipseLogger - Using 'UTF-8' encoding to copy filtered resources.
2022-10-03 19:22:17,251 [Worker-23: Building] INFO  o.e.m.c.i.embedder.EclipseLogger - Copying 0 resource
2022-10-03 19:22:17,252 [Worker-23: Building] INFO  o.e.m.c.i.embedder.EclipseLogger - Using 'UTF-8' encoding to copy filtered resources.
2022-10-03 19:22:17,255 [Worker-23: Building] INFO  o.e.m.c.i.embedder.EclipseLogger - Copying 0 resource
2022-10-03 19:22:18,135 [Worker-23: Building] WARN  o.e.m.c.i.embedder.EclipseLogger - The POM for com.wcohen.ss:secondstring:jar:2021 is missing, no dependency information available
2022-10-03 19:22:18,165 [Worker-23: Building] INFO  o.e.m.c.i.p.WorkspaceClassifierResolverManager - Resolving P/core: singl:core:2.0-0.3.3-SNAPSHOT with classifier  to /core/target/classes
2022-10-03 19:22:18,165 [Worker-23: Building] INFO  o.e.m.c.i.p.WorkspaceClassifierResolverManager - Resolving P/client: singl:client:2.0-0.3.3-SNAPSHOT with classifier  to /client/target/classes
2022-10-03 19:22:18,227 [Worker-23: Building] INFO  o.e.m.c.i.embedder.EclipseLogger - Using 'UTF-8' encoding to copy filtered resources.
2022-10-03 19:22:18,228 [Worker-23: Building] INFO  o.e.m.c.i.embedder.EclipseLogger - skip non existing resourceDirectory C:\Users\HP\git\SiNGL\assembly\src\main\resources
2022-10-03 19:22:18,231 [Worker-23: Building] INFO  o.e.m.c.i.embedder.EclipseLogger - Using 'UTF-8' encoding to copy filtered resources.
2022-10-03 19:22:18,231 [Worker-23: Building] INFO  o.e.m.c.i.embedder.EclipseLogger - skip non existing resourceDirectory C:\Users\HP\git\SiNGL\assembly\src\test\resources
2022-10-03 19:37:04,037 [Worker-0: Loading available Gradle versions] INFO  o.e.b.c.i.u.g.PublishedGradleVersions - Gradle version information cache is up-to-date. Trying to read.
